<?xml version="1.0" encoding="UTF-8"?>
<testsuite name="test.collective.endpoints.EndpointWorkFinderTest" tests="1" skipped="0" failures="0" errors="0" timestamp="2023-08-02T00:46:35" hostname="MSA-MacBookAir" time="0.004">
  <properties/>
  <testcase name="finder" classname="test.collective.endpoints.EndpointWorkFinderTest" time="0.004"/>
  <system-out><![CDATA[]]></system-out>
  <system-err><![CDATA[]]></system-err>
</testsuite>
