<?xml version="1.0" encoding="UTF-8"?>
<testsuite name="test.collective.SimpleAgedCacheTest" tests="4" skipped="0" failures="0" errors="0" timestamp="2023-08-17T22:29:36" hostname="MSA-MacBookAir" time="0.004">
  <properties/>
  <testcase name="getExpired" classname="test.collective.SimpleAgedCacheTest" time="0.003"/>
  <testcase name="get" classname="test.collective.SimpleAgedCacheTest" time="0.0"/>
  <testcase name="size" classname="test.collective.SimpleAgedCacheTest" time="0.0"/>
  <testcase name="isEmpty" classname="test.collective.SimpleAgedCacheTest" time="0.0"/>
  <system-out><![CDATA[]]></system-out>
  <system-err><![CDATA[]]></system-err>
</testsuite>
