<?xml version="1.0" encoding="UTF-8"?>
<testsuite name="test.collective.rss.RSSTest" tests="1" skipped="0" failures="0" errors="0" timestamp="2023-08-02T00:46:32" hostname="MSA-MacBookAir" time="0.142">
  <properties/>
  <testcase name="rss" classname="test.collective.rss.RSSTest" time="0.142"/>
  <system-out><![CDATA[]]></system-out>
  <system-err><![CDATA[]]></system-err>
</testsuite>
