<?xml version="1.0" encoding="UTF-8"?>
<testsuite name="test.initialcapacity.emailverifier.registrationserver.AppTest" tests="1" skipped="0" failures="0" errors="0" timestamp="2023-08-13T02:08:50" hostname="MSA-MacBookAir" time="0.554">
  <properties/>
  <testcase name="testInfo" classname="test.initialcapacity.emailverifier.registrationserver.AppTest" time="0.554"/>
  <system-out><![CDATA[2023-08-13 07:38:50.880 [DefaultDispatcher-worker-1 @call-context#2] INFO  ktor.test - Application auto-reloaded in 0.156 seconds.
2023-08-13 07:38:50.881 [DefaultDispatcher-worker-1 @call-context#2] INFO  ktor.test - Application started: io.ktor.server.application.Application@3a87941
]]></system-out>
  <system-err><![CDATA[]]></system-err>
</testsuite>
