<?xml version="1.0" encoding="UTF-8"?>
<testsuite name="test.collective.basic.BlockchainTest" tests="8" skipped="0" failures="0" errors="0" timestamp="2023-08-01T12:24:54" hostname="MSA-MacBookAir" time="0.071">
  <properties/>
  <testcase name="isValid_HashIncorrect" classname="test.collective.basic.BlockchainTest" time="0.037"/>
  <testcase name="isNotValid_whenManyAreNotMined" classname="test.collective.basic.BlockchainTest" time="0.008"/>
  <testcase name="isNotValid_forIncorrectPreviousHash" classname="test.collective.basic.BlockchainTest" time="0.01"/>
  <testcase name="size" classname="test.collective.basic.BlockchainTest" time="0.003"/>
  <testcase name="isNotValid_whenOneIsNotMined" classname="test.collective.basic.BlockchainTest" time="0.003"/>
  <testcase name="isEmpty" classname="test.collective.basic.BlockchainTest" time="0.003"/>
  <testcase name="isMined" classname="test.collective.basic.BlockchainTest" time="0.004"/>
  <testcase name="isValid" classname="test.collective.basic.BlockchainTest" time="0.003"/>
  <system-out><![CDATA[]]></system-out>
  <system-err><![CDATA[]]></system-err>
</testsuite>
