<?xml version="1.0" encoding="UTF-8"?>
<testsuite name="test.initialcapacity.emailverifier.notification.NotifierTest" tests="1" skipped="0" failures="0" errors="0" timestamp="2023-08-13T02:08:47" hostname="MSA-MacBookAir" time="0.569">
  <properties/>
  <testcase name="testNotify" classname="test.initialcapacity.emailverifier.notification.NotifierTest" time="0.569"/>
  <system-out><![CDATA[]]></system-out>
  <system-err><![CDATA[]]></system-err>
</testsuite>
