<?xml version="1.0" encoding="UTF-8"?>
<testsuite name="test.initialcapacity.emailverifier.rabbitsupport.TestPublishAction" tests="1" skipped="0" failures="0" errors="0" timestamp="2023-08-13T02:08:50" hostname="MSA-MacBookAir" time="0.066">
  <properties/>
  <testcase name="testPublish" classname="test.initialcapacity.emailverifier.rabbitsupport.TestPublishAction" time="0.066"/>
  <system-out><![CDATA[]]></system-out>
  <system-err><![CDATA[]]></system-err>
</testsuite>
