<?xml version="1.0" encoding="UTF-8"?>
<testsuite name="test.milk.database.DatabaseTemplateTest" tests="2" skipped="0" failures="0" errors="0" timestamp="2023-08-30T10:39:44" hostname="MSA-MacBookAir" time="0.088">
  <properties/>
  <testcase name="testFind" classname="test.milk.database.DatabaseTemplateTest" time="0.075"/>
  <testcase name="testFindObject" classname="test.milk.database.DatabaseTemplateTest" time="0.013"/>
  <system-out><![CDATA[16:09:44.732 [Test worker] DEBUG com.zaxxer.hikari.HikariConfig - HikariPool-1 - configuration:
16:09:44.736 [Test worker] DEBUG com.zaxxer.hikari.HikariConfig - allowPoolSuspension.............false
16:09:44.736 [Test worker] DEBUG com.zaxxer.hikari.HikariConfig - autoCommit......................true
16:09:44.736 [Test worker] DEBUG com.zaxxer.hikari.HikariConfig - catalog.........................none
16:09:44.736 [Test worker] DEBUG com.zaxxer.hikari.HikariConfig - connectionInitSql...............none
16:09:44.736 [Test worker] DEBUG com.zaxxer.hikari.HikariConfig - connectionTestQuery.............none
16:09:44.736 [Test worker] DEBUG com.zaxxer.hikari.HikariConfig - connectionTimeout...............30000
16:09:44.736 [Test worker] DEBUG com.zaxxer.hikari.HikariConfig - dataSource......................none
16:09:44.736 [Test worker] DEBUG com.zaxxer.hikari.HikariConfig - dataSourceClassName.............none
16:09:44.737 [Test worker] DEBUG com.zaxxer.hikari.HikariConfig - dataSourceJNDI..................none
16:09:44.737 [Test worker] DEBUG com.zaxxer.hikari.HikariConfig - dataSourceProperties............{password=<masked>}
16:09:44.737 [Test worker] DEBUG com.zaxxer.hikari.HikariConfig - driverClassName.................none
16:09:44.737 [Test worker] DEBUG com.zaxxer.hikari.HikariConfig - healthCheckProperties...........{}
16:09:44.737 [Test worker] DEBUG com.zaxxer.hikari.HikariConfig - healthCheckRegistry.............none
16:09:44.737 [Test worker] DEBUG com.zaxxer.hikari.HikariConfig - idleTimeout.....................600000
16:09:44.738 [Test worker] DEBUG com.zaxxer.hikari.HikariConfig - initializationFailTimeout.......1
16:09:44.738 [Test worker] DEBUG com.zaxxer.hikari.HikariConfig - isolateInternalQueries..........false
16:09:44.738 [Test worker] DEBUG com.zaxxer.hikari.HikariConfig - jdbcUrl.........................jdbc:postgresql://localhost:5432/milk_test
16:09:44.738 [Test worker] DEBUG com.zaxxer.hikari.HikariConfig - leakDetectionThreshold..........0
16:09:44.738 [Test worker] DEBUG com.zaxxer.hikari.HikariConfig - maxLifetime.....................1800000
16:09:44.738 [Test worker] DEBUG com.zaxxer.hikari.HikariConfig - maximumPoolSize.................10
16:09:44.738 [Test worker] DEBUG com.zaxxer.hikari.HikariConfig - metricRegistry..................none
16:09:44.738 [Test worker] DEBUG com.zaxxer.hikari.HikariConfig - metricsTrackerFactory...........none
16:09:44.738 [Test worker] DEBUG com.zaxxer.hikari.HikariConfig - minimumIdle.....................10
16:09:44.738 [Test worker] DEBUG com.zaxxer.hikari.HikariConfig - password........................<masked>
16:09:44.738 [Test worker] DEBUG com.zaxxer.hikari.HikariConfig - poolName........................"HikariPool-1"
16:09:44.739 [Test worker] DEBUG com.zaxxer.hikari.HikariConfig - readOnly........................false
16:09:44.739 [Test worker] DEBUG com.zaxxer.hikari.HikariConfig - registerMbeans..................false
16:09:44.739 [Test worker] DEBUG com.zaxxer.hikari.HikariConfig - scheduledExecutor...............none
16:09:44.739 [Test worker] DEBUG com.zaxxer.hikari.HikariConfig - schema..........................none
16:09:44.739 [Test worker] DEBUG com.zaxxer.hikari.HikariConfig - threadFactory...................internal
16:09:44.739 [Test worker] DEBUG com.zaxxer.hikari.HikariConfig - transactionIsolation............default
16:09:44.739 [Test worker] DEBUG com.zaxxer.hikari.HikariConfig - username........................"milk"
16:09:44.739 [Test worker] DEBUG com.zaxxer.hikari.HikariConfig - validationTimeout...............5000
16:09:44.739 [Test worker] INFO com.zaxxer.hikari.HikariDataSource - HikariPool-1 - Starting...
16:09:44.747 [Test worker] DEBUG com.zaxxer.hikari.util.DriverDataSource - Loaded driver with class name org.postgresql.Driver for jdbcUrl=jdbc:postgresql://localhost:5432/milk_test
16:09:44.792 [Test worker] DEBUG com.zaxxer.hikari.pool.HikariPool - HikariPool-1 - Added connection org.postgresql.jdbc.PgConnection@71075444
16:09:44.793 [Test worker] INFO com.zaxxer.hikari.HikariDataSource - HikariPool-1 - Start completed.
16:09:44.806 [Test worker] DEBUG com.zaxxer.hikari.HikariConfig - HikariPool-2 - configuration:
16:09:44.807 [Test worker] DEBUG com.zaxxer.hikari.HikariConfig - allowPoolSuspension.............false
16:09:44.807 [Test worker] DEBUG com.zaxxer.hikari.HikariConfig - autoCommit......................true
16:09:44.807 [Test worker] DEBUG com.zaxxer.hikari.HikariConfig - catalog.........................none
16:09:44.807 [Test worker] DEBUG com.zaxxer.hikari.HikariConfig - connectionInitSql...............none
16:09:44.807 [Test worker] DEBUG com.zaxxer.hikari.HikariConfig - connectionTestQuery.............none
16:09:44.808 [Test worker] DEBUG com.zaxxer.hikari.HikariConfig - connectionTimeout...............30000
16:09:44.808 [Test worker] DEBUG com.zaxxer.hikari.HikariConfig - dataSource......................none
16:09:44.808 [Test worker] DEBUG com.zaxxer.hikari.HikariConfig - dataSourceClassName.............none
16:09:44.808 [Test worker] DEBUG com.zaxxer.hikari.HikariConfig - dataSourceJNDI..................none
16:09:44.808 [Test worker] DEBUG com.zaxxer.hikari.HikariConfig - dataSourceProperties............{password=<masked>}
16:09:44.808 [Test worker] DEBUG com.zaxxer.hikari.HikariConfig - driverClassName.................none
16:09:44.808 [Test worker] DEBUG com.zaxxer.hikari.HikariConfig - healthCheckProperties...........{}
16:09:44.808 [Test worker] DEBUG com.zaxxer.hikari.HikariConfig - healthCheckRegistry.............none
16:09:44.808 [Test worker] DEBUG com.zaxxer.hikari.HikariConfig - idleTimeout.....................600000
16:09:44.808 [Test worker] DEBUG com.zaxxer.hikari.HikariConfig - initializationFailTimeout.......1
16:09:44.808 [Test worker] DEBUG com.zaxxer.hikari.HikariConfig - isolateInternalQueries..........false
16:09:44.808 [Test worker] DEBUG com.zaxxer.hikari.HikariConfig - jdbcUrl.........................jdbc:postgresql://localhost:5432/milk_test
16:09:44.808 [Test worker] DEBUG com.zaxxer.hikari.HikariConfig - leakDetectionThreshold..........0
16:09:44.808 [Test worker] DEBUG com.zaxxer.hikari.HikariConfig - maxLifetime.....................1800000
16:09:44.808 [Test worker] DEBUG com.zaxxer.hikari.HikariConfig - maximumPoolSize.................10
16:09:44.808 [Test worker] DEBUG com.zaxxer.hikari.HikariConfig - metricRegistry..................none
16:09:44.808 [Test worker] DEBUG com.zaxxer.hikari.HikariConfig - metricsTrackerFactory...........none
16:09:44.809 [Test worker] DEBUG com.zaxxer.hikari.HikariConfig - minimumIdle.....................10
16:09:44.809 [Test worker] DEBUG com.zaxxer.hikari.HikariConfig - password........................<masked>
16:09:44.810 [Test worker] DEBUG com.zaxxer.hikari.HikariConfig - poolName........................"HikariPool-2"
16:09:44.810 [Test worker] DEBUG com.zaxxer.hikari.HikariConfig - readOnly........................false
16:09:44.810 [Test worker] DEBUG com.zaxxer.hikari.HikariConfig - registerMbeans..................false
16:09:44.810 [Test worker] DEBUG com.zaxxer.hikari.HikariConfig - scheduledExecutor...............none
16:09:44.810 [Test worker] DEBUG com.zaxxer.hikari.HikariConfig - schema..........................none
16:09:44.810 [Test worker] DEBUG com.zaxxer.hikari.HikariConfig - threadFactory...................internal
16:09:44.810 [Test worker] DEBUG com.zaxxer.hikari.HikariConfig - transactionIsolation............default
16:09:44.810 [Test worker] DEBUG com.zaxxer.hikari.HikariConfig - username........................"milk"
16:09:44.810 [Test worker] DEBUG com.zaxxer.hikari.HikariConfig - validationTimeout...............5000
16:09:44.810 [Test worker] INFO com.zaxxer.hikari.HikariDataSource - HikariPool-2 - Starting...
16:09:44.810 [Test worker] DEBUG com.zaxxer.hikari.util.DriverDataSource - Loaded driver with class name org.postgresql.Driver for jdbcUrl=jdbc:postgresql://localhost:5432/milk_test
16:09:44.815 [Test worker] DEBUG com.zaxxer.hikari.pool.HikariPool - HikariPool-2 - Added connection org.postgresql.jdbc.PgConnection@700fb871
16:09:44.815 [Test worker] INFO com.zaxxer.hikari.HikariDataSource - HikariPool-2 - Start completed.
]]></system-out>
  <system-err><![CDATA[]]></system-err>
</testsuite>
