<?xml version="1.0" encoding="UTF-8"?>
<testsuite name="test.collective.articles.ArticlesControllerTest" tests="2" skipped="0" failures="0" errors="0" timestamp="2023-08-02T00:46:34" hostname="MSA-MacBookAir" time="0.378">
  <properties/>
  <testcase name="findAll" classname="test.collective.articles.ArticlesControllerTest" time="0.373"/>
  <testcase name="findAvailable" classname="test.collective.articles.ArticlesControllerTest" time="0.004"/>
  <system-out><![CDATA[]]></system-out>
  <system-err><![CDATA[[Test worker] INFO org.eclipse.jetty.util.log - Logging initialized @370ms
[Test worker] INFO test.collective.articles.ArticlesControllerTest$1 - App started.
[Test worker] INFO org.eclipse.jetty.server.Server - jetty-9.3.0.M2
[Test worker] INFO org.eclipse.jetty.server.ServerConnector - Started ServerConnector@5be82d43{HTTP/1.1,[http/1.1]}{0.0.0.0:8888}
[Test worker] INFO org.eclipse.jetty.server.Server - Started @423ms
[Test worker] INFO test.collective.articles.ArticlesControllerTest$1 - App stopped.
[Test worker] INFO org.eclipse.jetty.server.ServerConnector - Stopped ServerConnector@5be82d43{HTTP/1.1,[http/1.1]}{0.0.0.0:8888}
[Test worker] INFO test.collective.articles.ArticlesControllerTest$1 - App started.
[Test worker] INFO org.eclipse.jetty.server.Server - jetty-9.3.0.M2
[Test worker] INFO org.eclipse.jetty.server.ServerConnector - Started ServerConnector@49601f82{HTTP/1.1,[http/1.1]}{0.0.0.0:8888}
[Test worker] INFO org.eclipse.jetty.server.Server - Started @579ms
[Test worker] INFO test.collective.articles.ArticlesControllerTest$1 - App stopped.
[Test worker] INFO org.eclipse.jetty.server.ServerConnector - Stopped ServerConnector@49601f82{HTTP/1.1,[http/1.1]}{0.0.0.0:8888}
]]></system-err>
</testsuite>
