<?xml version="1.0" encoding="UTF-8"?>
<testsuite name="test.collective.articles.ArticleDataGatewayTest" tests="1" skipped="0" failures="0" errors="0" timestamp="2023-08-02T00:46:34" hostname="MSA-MacBookAir" time="0.011">
  <properties/>
  <testcase name="findAll" classname="test.collective.articles.ArticleDataGatewayTest" time="0.011"/>
  <system-out><![CDATA[]]></system-out>
  <system-err><![CDATA[]]></system-err>
</testsuite>
