<?xml version="1.0" encoding="UTF-8"?>
<testsuite name="test.initialcapacity.emailverifier.confirmation.RegistrationRequestDataGatewayTest" tests="1" skipped="0" failures="0" errors="0" timestamp="2023-08-13T02:08:53" hostname="MSA-MacBookAir" time="0.082">
  <properties/>
  <testcase name="testGet" classname="test.initialcapacity.emailverifier.confirmation.RegistrationRequestDataGatewayTest" time="0.082"/>
  <system-out><![CDATA[]]></system-out>
  <system-err><![CDATA[]]></system-err>
</testsuite>
