<?xml version="1.0" encoding="UTF-8"?>
<testsuite name="test.initialcapacity.emailverifier.registrationserver.AppTest" tests="1" skipped="0" failures="0" errors="0" timestamp="2023-08-06T20:47:33" hostname="MSA-MacBookAir" time="0.802">
  <properties/>
  <testcase name="testInfo" classname="test.initialcapacity.emailverifier.registrationserver.AppTest" time="0.802"/>
  <system-out><![CDATA[2023-08-07 02:17:33.591 [DefaultDispatcher-worker-1 @call-context#2] INFO  ktor.test - Application auto-reloaded in 0.212 seconds.
2023-08-07 02:17:33.593 [DefaultDispatcher-worker-1 @call-context#2] INFO  ktor.test - Application started: io.ktor.server.application.Application@73881442
]]></system-out>
  <system-err><![CDATA[]]></system-err>
</testsuite>
