<?xml version="1.0" encoding="UTF-8"?>
<testsuite name="test.initialcapacity.emailverifier.registrationserver.RegistrationRequestTest" tests="1" skipped="0" failures="0" errors="0" timestamp="2023-08-08T00:38:11" hostname="MSA-MacBookAir" time="0.157">
  <properties/>
  <testcase name="testRegistration" classname="test.initialcapacity.emailverifier.registrationserver.RegistrationRequestTest" time="0.157"/>
  <system-out><![CDATA[]]></system-out>
  <system-err><![CDATA[]]></system-err>
</testsuite>
