<?xml version="1.0" encoding="UTF-8"?>
<testsuite name="test.collective.endpoints.EndpointWorkerTest" tests="1" skipped="0" failures="0" errors="0" timestamp="2023-08-02T00:36:34" hostname="MSA-MacBookAir" time="0.244">
  <properties/>
  <testcase name="finder" classname="test.collective.endpoints.EndpointWorkerTest" time="0.244"/>
  <system-out><![CDATA[]]></system-out>
  <system-err><![CDATA[]]></system-err>
</testsuite>
