<?xml version="1.0" encoding="UTF-8"?>
<testsuite name="test.initialcapacity.emailverifier.registration.RegistrationConfirmationServiceTest" tests="3" skipped="0" failures="0" errors="0" timestamp="2023-08-08T00:38:13" hostname="MSA-MacBookAir" time="0.76">
  <properties/>
  <testcase name="testConfirmNotThere" classname="test.initialcapacity.emailverifier.registration.RegistrationConfirmationServiceTest" time="0.754"/>
  <testcase name="testConfirm" classname="test.initialcapacity.emailverifier.registration.RegistrationConfirmationServiceTest" time="0.003"/>
  <testcase name="testConfirmNoMatch" classname="test.initialcapacity.emailverifier.registration.RegistrationConfirmationServiceTest" time="0.003"/>
  <system-out><![CDATA[]]></system-out>
  <system-err><![CDATA[]]></system-err>
</testsuite>
