<?xml version="1.0" encoding="UTF-8"?>
<testsuite name="test.milk.client.AppTest" tests="1" skipped="0" failures="0" errors="0" timestamp="2023-08-30T10:39:43" hostname="MSA-MacBookAir" time="0.37">
  <properties/>
  <testcase name="testIndex" classname="test.milk.client.AppTest" time="0.37"/>
  <system-out><![CDATA[2023-08-30 16:09:44.221 [Test worker] INFO  io.milk.workflow.WorkScheduler - scheduling worker sales-worker
2023-08-30 16:09:44.223 [Test worker] INFO  io.milk.workflow.WorkScheduler - scheduling worker sales-worker
2023-08-30 16:09:44.224 [Test worker] INFO  io.milk.workflow.WorkScheduler - scheduling worker sales-worker
2023-08-30 16:09:44.224 [Test worker] INFO  io.milk.workflow.WorkScheduler - scheduling worker sales-worker
2023-08-30 16:09:44.225 [pool-1-thread-2] INFO  io.milk.client.PurchaseGenerator - someone purchased some milk!
2023-08-30 16:09:44.225 [pool-1-thread-1] INFO  io.milk.client.PurchaseGenerator - someone purchased some milk!
2023-08-30 16:09:44.225 [pool-1-thread-4] INFO  io.milk.client.PurchaseGenerator - someone purchased some milk!
2023-08-30 16:09:44.225 [pool-1-thread-3] INFO  io.milk.client.PurchaseGenerator - someone purchased some milk!
]]></system-out>
  <system-err><![CDATA[]]></system-err>
</testsuite>
