<?xml version="1.0" encoding="UTF-8"?>
<testsuite name="test.initialcapacity.emailverifier.notification.NotificationDataGatewayTest" tests="2" skipped="0" failures="0" errors="0" timestamp="2023-08-06T20:47:20" hostname="MSA-MacBookAir" time="1.647">
  <properties/>
  <testcase name="testSave" classname="test.initialcapacity.emailverifier.notification.NotificationDataGatewayTest" time="1.545"/>
  <testcase name="find_notFound" classname="test.initialcapacity.emailverifier.notification.NotificationDataGatewayTest" time="0.102"/>
  <system-out><![CDATA[]]></system-out>
  <system-err><![CDATA[]]></system-err>
</testsuite>
