<?xml version="1.0" encoding="UTF-8"?>
<testsuite name="test.initialcapacity.emailverifier.notification.EmailerTest" tests="1" skipped="0" failures="0" errors="0" timestamp="2023-08-08T00:38:05" hostname="MSA-MacBookAir" time="0.606">
  <properties/>
  <testcase name="testSend" classname="test.initialcapacity.emailverifier.notification.EmailerTest" time="0.606"/>
  <system-out><![CDATA[]]></system-out>
  <system-err><![CDATA[SLF4J: Failed to load class "org.slf4j.impl.StaticLoggerBinder".
SLF4J: Defaulting to no-operation (NOP) logger implementation
SLF4J: See http://www.slf4j.org/codes.html#StaticLoggerBinder for further details.
]]></system-err>
</testsuite>
