<?xml version="1.0" encoding="UTF-8"?>
<testsuite name="test.initialcapacity.emailverifier.notification.NotificationDataGatewayTest" tests="2" skipped="0" failures="0" errors="0" timestamp="2023-08-08T00:38:06" hostname="MSA-MacBookAir" time="0.396">
  <properties/>
  <testcase name="testSave" classname="test.initialcapacity.emailverifier.notification.NotificationDataGatewayTest" time="0.354"/>
  <testcase name="find_notFound" classname="test.initialcapacity.emailverifier.notification.NotificationDataGatewayTest" time="0.041"/>
  <system-out><![CDATA[]]></system-out>
  <system-err><![CDATA[]]></system-err>
</testsuite>
