<?xml version="1.0" encoding="UTF-8"?>
<testsuite name="test.initialcapacity.emailverifier.rabbitsupport.TestPublishAction" tests="1" skipped="0" failures="0" errors="0" timestamp="2023-08-06T20:47:30" hostname="MSA-MacBookAir" time="0.194">
  <properties/>
  <testcase name="testPublish" classname="test.initialcapacity.emailverifier.rabbitsupport.TestPublishAction" time="0.194"/>
  <system-out><![CDATA[]]></system-out>
  <system-err><![CDATA[]]></system-err>
</testsuite>
