<?xml version="1.0" encoding="UTF-8"?>
<testsuite name="test.initialcapacity.emailverifier.rabbitsupport.ListenerTest" tests="1" skipped="0" failures="0" errors="0" timestamp="2023-08-06T20:47:30" hostname="MSA-MacBookAir" time="0.294">
  <properties/>
  <testcase name="testListen" classname="test.initialcapacity.emailverifier.rabbitsupport.ListenerTest" time="0.294"/>
  <system-out><![CDATA[]]></system-out>
  <system-err><![CDATA[SLF4J: Failed to load class "org.slf4j.impl.StaticLoggerBinder".
SLF4J: Defaulting to no-operation (NOP) logger implementation
SLF4J: See http://www.slf4j.org/codes.html#StaticLoggerBinder for further details.
]]></system-err>
</testsuite>
